<?xml version="1.0" encoding="utf-8" standalone="no"?>
<!--This file represents the results of running a test suite-->
<test-results name="C:\Code\configgenerator\ConfigGen.UnitTest\bin\Debug\ConfigGen.UnitTest.dll" total="5" errors="0" failures="0" not-run="0" inconclusive="0" ignored="0" skipped="0" invalid="0" date="2012-11-05" time="13:29:14">
  <environment nunit-version="2.6.2.12296" clr-version="2.0.50727.5456" os-version="Microsoft Windows NT 6.1.7601 Service Pack 1" platform="Win32NT" cwd="C:\Code\configgenerator" machine-name="14679W7N" user="fatjoh0" user-domain="SAIG" />
  <culture-info current-culture="en-AU" current-uiculture="en-US" />
  <test-suite type="Assembly" name="C:\Code\configgenerator\ConfigGen.UnitTest\bin\Debug\ConfigGen.UnitTest.dll" executed="True" result="Success" success="True" time="0.191" asserts="0">
    <results>
      <test-suite type="Namespace" name="SAIG" executed="True" result="Success" success="True" time="0.185" asserts="0">
        <results>
          <test-suite type="Namespace" name="PS" executed="True" result="Success" success="True" time="0.185" asserts="0">
            <results>
              <test-suite type="Namespace" name="ConfigGen" executed="True" result="Success" success="True" time="0.185" asserts="0">
                <results>
                  <test-suite type="Namespace" name="UnitTest" executed="True" result="Success" success="True" time="0.184" asserts="0">
                    <results>
                      <test-suite type="TestFixture" name="TokenLocatorTest" executed="True" result="Success" success="True" time="0.179" asserts="0">
                        <results>
                          <test-case name="SAIG.PS.ConfigGen.UnitTest.TokenLocatorTest.Duplicate_Tokens_Returned_Once" executed="True" result="Success" success="True" time="0.169" asserts="1" />
                          <test-case name="SAIG.PS.ConfigGen.UnitTest.TokenLocatorTest.Multiple_Tokens_Are_Found" executed="True" result="Success" success="True" time="0.002" asserts="4" />
                          <test-case name="SAIG.PS.ConfigGen.UnitTest.TokenLocatorTest.Single_Token_Is_Found" executed="True" result="Success" success="True" time="0.000" asserts="1" />
                        </results>
                      </test-suite>
                      <test-suite type="TestFixture" name="TokenReplacerTest" executed="True" result="Success" success="True" time="0.003" asserts="0">
                        <results>
                          <test-case name="SAIG.PS.ConfigGen.UnitTest.TokenReplacerTest.Token_Replacer_For_Multiple_Tokens" executed="True" result="Success" success="True" time="0.001" asserts="1" />
                          <test-case name="SAIG.PS.ConfigGen.UnitTest.TokenReplacerTest.Token_Replacer_For_Single_Token_Is_One" executed="True" result="Success" success="True" time="0.000" asserts="1" />
                        </results>
                      </test-suite>
                    </results>
                  </test-suite>
                </results>
              </test-suite>
            </results>
          </test-suite>
        </results>
      </test-suite>
    </results>
  </test-suite>
</test-results>