<?xml version="1.0" encoding="utf-8" standalone="no"?>
<!--This file represents the results of running a test suite-->
<test-results name="C:\code\git\utilities\configgen\build\ConfigGen.IntegrationTest.dll" total="1" errors="1" failures="0" not-run="0" inconclusive="0" ignored="0" skipped="0" invalid="0" date="2013-09-26" time="15:15:19">
  <environment nunit-version="2.6.2.12296" clr-version="2.0.50727.5472" os-version="Microsoft Windows NT 6.1.7601 Service Pack 1" platform="Win32NT" cwd="C:\code\git\utilities\configgen" machine-name="14679W7N" user="fatjoh0" user-domain="SAIG" />
  <culture-info current-culture="en-AU" current-uiculture="en-US" />
  <test-suite type="Assembly" name="C:\code\git\utilities\configgen\build\ConfigGen.IntegrationTest.dll" executed="True" result="Failure" success="False" time="0.430" asserts="0">
    <results>
      <test-suite type="Namespace" name="SAIG" executed="True" result="Failure" success="False" time="0.424" asserts="0">
        <results>
          <test-suite type="Namespace" name="PS" executed="True" result="Failure" success="False" time="0.423" asserts="0">
            <results>
              <test-suite type="Namespace" name="ConfigGen" executed="True" result="Failure" success="False" time="0.423" asserts="0">
                <results>
                  <test-suite type="Namespace" name="IntegrationTest" executed="True" result="Failure" success="False" time="0.423" asserts="0">
                    <results>
                      <test-suite type="TestFixture" name="Create_QVAS_Config" executed="True" result="Failure" success="False" time="0.422" asserts="0">
                        <results>
                          <test-case name="SAIG.PS.ConfigGen.IntegrationTest.Create_QVAS_Config.Do" executed="True" result="Error" success="False" time="0.417" asserts="0">
                            <failure>
                              <message><![CDATA[System.ArgumentException : An item with the same key has already been added.]]></message>
                              <stack-trace><![CDATA[at System.ThrowHelper.ThrowArgumentException(ExceptionResource resource)
at System.Collections.Generic.Dictionary`2.Insert(TKey key, TValue value, Boolean add)
at System.Collections.Generic.Dictionary`2.Add(TKey key, TValue value)
at SAIG.PS.ConfigGen.IntegrationTest.Create_QVAS_Config.Do() in c:\code\git\utilities\configgen\ConfigGen.IntegrationTest\Create_QVAS_Config.cs:line 26
]]></stack-trace>
                            </failure>
                          </test-case>
                        </results>
                      </test-suite>
                    </results>
                  </test-suite>
                </results>
              </test-suite>
            </results>
          </test-suite>
        </results>
      </test-suite>
    </results>
  </test-suite>
</test-results>